<?xml version="1.0" encoding="UTF-8"?>
<coverage generated="1553117140277" clover="3.2.0">
  <project timestamp="1553117140278" name="All files">
    <metrics statements="21" coveredstatements="17" conditionals="14" coveredconditionals="8" methods="2" coveredmethods="1" elements="37" coveredelements="26" complexity="0" loc="21" ncloc="21" packages="1" files="1" classes="1"/>
    <file name="array-binary-search.js" path="/Users/Admin/Documents/data-structures-and-algorithms/code-challenges/401/arrayBinarySearch/array-binary-search.js">
      <metrics statements="21" coveredstatements="17" conditionals="14" coveredconditionals="8" methods="2" coveredmethods="1"/>
      <line num="2" count="1" type="stmt"/>
      <line num="4" count="1" type="stmt"/>
      <line num="6" count="8" type="stmt"/>
      <line num="7" count="13" type="cond" truecount="2" falsecount="0"/>
      <line num="8" count="10" type="cond" truecount="2" falsecount="0"/>
      <line num="10" count="3" type="cond" truecount="1" falsecount="1"/>
      <line num="12" count="3" type="stmt"/>
      <line num="13" count="3" type="stmt"/>
      <line num="14" count="3" type="stmt"/>
      <line num="16" count="3" type="stmt"/>
      <line num="17" count="3" type="stmt"/>
      <line num="18" count="3" type="cond" truecount="2" falsecount="0"/>
      <line num="19" count="1" type="stmt"/>
      <line num="20" count="2" type="cond" truecount="1" falsecount="1"/>
      <line num="21" count="2" type="stmt"/>
      <line num="23" count="0" type="stmt"/>
      <line num="26" count="2" type="stmt"/>
      <line num="29" count="1" type="stmt"/>
      <line num="30" count="0" type="stmt"/>
      <line num="31" count="0" type="cond" truecount="0" falsecount="2"/>
      <line num="33" count="0" type="cond" truecount="0" falsecount="2"/>
    </file>
  </project>
</coverage>
