{"/Users/Admin/Documents/data-structures-and-algorithms/Data-Structures/tree/tree.js": {"path":"/Users/Admin/Documents/data-structures-and-algorithms/Data-Structures/tree/tree.js","statementMap":{"0":{"start":{"line":6,"column":4},"end":{"line":6,"column":23}},"1":{"start":{"line":7,"column":4},"end":{"line":7,"column":21}},"2":{"start":{"line":8,"column":4},"end":{"line":8,"column":22}},"3":{"start":{"line":15,"column":4},"end":{"line":15,"column":21}},"4":{"start":{"line":19,"column":4},"end":{"line":19,"column":25}},"5":{"start":{"line":21,"column":4},"end":{"line":23,"column":5}},"6":{"start":{"line":22,"column":6},"end":{"line":22,"column":36}},"7":{"start":{"line":24,"column":4},"end":{"line":26,"column":5}},"8":{"start":{"line":25,"column":6},"end":{"line":25,"column":37}},"9":{"start":{"line":27,"column":4},"end":{"line":27,"column":15}},"10":{"start":{"line":32,"column":4},"end":{"line":34,"column":5}},"11":{"start":{"line":33,"column":6},"end":{"line":33,"column":35}},"12":{"start":{"line":36,"column":4},"end":{"line":36,"column":25}},"13":{"start":{"line":38,"column":4},"end":{"line":40,"column":5}},"14":{"start":{"line":39,"column":6},"end":{"line":39,"column":36}},"15":{"start":{"line":41,"column":4},"end":{"line":41,"column":15}},"16":{"start":{"line":46,"column":4},"end":{"line":48,"column":5}},"17":{"start":{"line":47,"column":6},"end":{"line":47,"column":37}},"18":{"start":{"line":50,"column":4},"end":{"line":52,"column":5}},"19":{"start":{"line":51,"column":6},"end":{"line":51,"column":38}},"20":{"start":{"line":54,"column":4},"end":{"line":54,"column":25}},"21":{"start":{"line":56,"column":4},"end":{"line":56,"column":15}},"22":{"start":{"line":63,"column":15},"end":{"line":63,"column":24}},"23":{"start":{"line":64,"column":4},"end":{"line":88,"column":3}},"24":{"start":{"line":65,"column":6},"end":{"line":65,"column":34}},"25":{"start":{"line":68,"column":22},"end":{"line":68,"column":26}},"26":{"start":{"line":69,"column":18},"end":{"line":69,"column":33}},"27":{"start":{"line":71,"column":4},"end":{"line":87,"column":5}},"28":{"start":{"line":72,"column":6},"end":{"line":86,"column":7}},"29":{"start":{"line":73,"column":8},"end":{"line":78,"column":9}},"30":{"start":{"line":74,"column":10},"end":{"line":74,"column":37}},"31":{"start":{"line":75,"column":10},"end":{"line":75,"column":16}},"32":{"start":{"line":77,"column":10},"end":{"line":77,"column":41}},"33":{"start":{"line":80,"column":8},"end":{"line":85,"column":9}},"34":{"start":{"line":81,"column":10},"end":{"line":81,"column":38}},"35":{"start":{"line":82,"column":10},"end":{"line":82,"column":16}},"36":{"start":{"line":84,"column":10},"end":{"line":84,"column":42}},"37":{"start":{"line":92,"column":20},"end":{"line":92,"column":29}},"38":{"start":{"line":94,"column":4},"end":{"line":103,"column":5}},"39":{"start":{"line":95,"column":6},"end":{"line":97,"column":7}},"40":{"start":{"line":96,"column":8},"end":{"line":96,"column":20}},"41":{"start":{"line":98,"column":6},"end":{"line":102,"column":7}},"42":{"start":{"line":99,"column":8},"end":{"line":99,"column":31}},"43":{"start":{"line":101,"column":8},"end":{"line":101,"column":32}},"44":{"start":{"line":104,"column":4},"end":{"line":104,"column":17}},"45":{"start":{"line":108,"column":0},"end":{"line":108,"column":42}}},"fnMap":{"0":{"name":"(anonymous_0)","decl":{"start":{"line":5,"column":2},"end":{"line":5,"column":3}},"loc":{"start":{"line":5,"column":20},"end":{"line":9,"column":3}},"line":5},"1":{"name":"(anonymous_1)","decl":{"start":{"line":14,"column":2},"end":{"line":14,"column":3}},"loc":{"start":{"line":14,"column":15},"end":{"line":16,"column":3}},"line":14},"2":{"name":"(anonymous_2)","decl":{"start":{"line":18,"column":2},"end":{"line":18,"column":3}},"loc":{"start":{"line":18,"column":24},"end":{"line":28,"column":3}},"line":18},"3":{"name":"(anonymous_3)","decl":{"start":{"line":30,"column":2},"end":{"line":30,"column":3}},"loc":{"start":{"line":30,"column":23},"end":{"line":42,"column":3}},"line":30},"4":{"name":"(anonymous_4)","decl":{"start":{"line":44,"column":2},"end":{"line":44,"column":3}},"loc":{"start":{"line":44,"column":25},"end":{"line":57,"column":3}},"line":44},"5":{"name":"(anonymous_5)","decl":{"start":{"line":62,"column":2},"end":{"line":62,"column":3}},"loc":{"start":{"line":62,"column":12},"end":{"line":89,"column":3}},"line":62},"6":{"name":"(anonymous_6)","decl":{"start":{"line":91,"column":2},"end":{"line":91,"column":3}},"loc":{"start":{"line":91,"column":17},"end":{"line":105,"column":3}},"line":91}},"branchMap":{"0":{"loc":{"start":{"line":18,"column":17},"end":{"line":18,"column":23}},"type":"default-arg","locations":[{"start":{"line":18,"column":21},"end":{"line":18,"column":23}}],"line":18},"1":{"loc":{"start":{"line":21,"column":4},"end":{"line":23,"column":5}},"type":"if","locations":[{"start":{"line":21,"column":4},"end":{"line":23,"column":5}},{"start":{"line":21,"column":4},"end":{"line":23,"column":5}}],"line":21},"2":{"loc":{"start":{"line":24,"column":4},"end":{"line":26,"column":5}},"type":"if","locations":[{"start":{"line":24,"column":4},"end":{"line":26,"column":5}},{"start":{"line":24,"column":4},"end":{"line":26,"column":5}}],"line":24},"3":{"loc":{"start":{"line":30,"column":16},"end":{"line":30,"column":22}},"type":"default-arg","locations":[{"start":{"line":30,"column":20},"end":{"line":30,"column":22}}],"line":30},"4":{"loc":{"start":{"line":32,"column":4},"end":{"line":34,"column":5}},"type":"if","locations":[{"start":{"line":32,"column":4},"end":{"line":34,"column":5}},{"start":{"line":32,"column":4},"end":{"line":34,"column":5}}],"line":32},"5":{"loc":{"start":{"line":38,"column":4},"end":{"line":40,"column":5}},"type":"if","locations":[{"start":{"line":38,"column":4},"end":{"line":40,"column":5}},{"start":{"line":38,"column":4},"end":{"line":40,"column":5}}],"line":38},"6":{"loc":{"start":{"line":44,"column":18},"end":{"line":44,"column":24}},"type":"default-arg","locations":[{"start":{"line":44,"column":22},"end":{"line":44,"column":24}}],"line":44},"7":{"loc":{"start":{"line":46,"column":4},"end":{"line":48,"column":5}},"type":"if","locations":[{"start":{"line":46,"column":4},"end":{"line":48,"column":5}},{"start":{"line":46,"column":4},"end":{"line":48,"column":5}}],"line":46},"8":{"loc":{"start":{"line":50,"column":4},"end":{"line":52,"column":5}},"type":"if","locations":[{"start":{"line":50,"column":4},"end":{"line":52,"column":5}},{"start":{"line":50,"column":4},"end":{"line":52,"column":5}}],"line":50},"9":{"loc":{"start":{"line":64,"column":4},"end":{"line":88,"column":3}},"type":"if","locations":[{"start":{"line":64,"column":4},"end":{"line":88,"column":3}},{"start":{"line":64,"column":4},"end":{"line":88,"column":3}}],"line":64},"10":{"loc":{"start":{"line":72,"column":6},"end":{"line":86,"column":7}},"type":"if","locations":[{"start":{"line":72,"column":6},"end":{"line":86,"column":7}},{"start":{"line":72,"column":6},"end":{"line":86,"column":7}}],"line":72},"11":{"loc":{"start":{"line":73,"column":8},"end":{"line":78,"column":9}},"type":"if","locations":[{"start":{"line":73,"column":8},"end":{"line":78,"column":9}},{"start":{"line":73,"column":8},"end":{"line":78,"column":9}}],"line":73},"12":{"loc":{"start":{"line":80,"column":8},"end":{"line":85,"column":9}},"type":"if","locations":[{"start":{"line":80,"column":8},"end":{"line":85,"column":9}},{"start":{"line":80,"column":8},"end":{"line":85,"column":9}}],"line":80},"13":{"loc":{"start":{"line":95,"column":6},"end":{"line":97,"column":7}},"type":"if","locations":[{"start":{"line":95,"column":6},"end":{"line":97,"column":7}},{"start":{"line":95,"column":6},"end":{"line":97,"column":7}}],"line":95},"14":{"loc":{"start":{"line":98,"column":6},"end":{"line":102,"column":7}},"type":"if","locations":[{"start":{"line":98,"column":6},"end":{"line":102,"column":7}},{"start":{"line":98,"column":6},"end":{"line":102,"column":7}}],"line":98}},"s":{"0":5,"1":5,"2":5,"3":2,"4":5,"5":5,"6":1,"7":5,"8":3,"9":5,"10":0,"11":0,"12":0,"13":0,"14":0,"15":0,"16":0,"17":0,"18":0,"19":0,"20":0,"21":0,"22":5,"23":5,"24":1,"25":4,"26":4,"27":4,"28":6,"29":2,"30":1,"31":1,"32":1,"33":4,"34":3,"35":3,"36":1,"37":0,"38":0,"39":0,"40":0,"41":0,"42":0,"43":0,"44":0,"45":1},"f":{"0":5,"1":2,"2":5,"3":0,"4":0,"5":5,"6":0},"b":{"0":[1],"1":[1,4],"2":[3,2],"3":[0],"4":[0,0],"5":[0,0],"6":[0],"7":[0,0],"8":[0,0],"9":[1,4],"10":[2,4],"11":[1,1],"12":[3,1],"13":[0,0],"14":[0,0]},"_coverageSchema":"43e27e138ebf9cfc5966b082cf9a028302ed4184","hash":"69429a10abb2bf3efdf92663e21384311aa7b6f6"}
,"/Users/Admin/Documents/data-structures-and-algorithms/code-challenges/401/fizzBuzzTree/fizz-buzz-tree.js": {"path":"/Users/Admin/Documents/data-structures-and-algorithms/code-challenges/401/fizzBuzzTree/fizz-buzz-tree.js","statementMap":{"0":{"start":{"line":4,"column":20},"end":{"line":4,"column":24}},"1":{"start":{"line":6,"column":2},"end":{"line":8,"column":3}},"2":{"start":{"line":7,"column":4},"end":{"line":7,"column":16}},"3":{"start":{"line":10,"column":2},"end":{"line":22,"column":3}},"4":{"start":{"line":11,"column":4},"end":{"line":11,"column":35}},"5":{"start":{"line":13,"column":9},"end":{"line":22,"column":3}},"6":{"start":{"line":14,"column":4},"end":{"line":14,"column":31}},"7":{"start":{"line":16,"column":9},"end":{"line":22,"column":3}},"8":{"start":{"line":17,"column":4},"end":{"line":17,"column":31}},"9":{"start":{"line":20,"column":4},"end":{"line":20,"column":31}},"10":{"start":{"line":21,"column":4},"end":{"line":21,"column":32}},"11":{"start":{"line":24,"column":2},"end":{"line":24,"column":14}},"12":{"start":{"line":27,"column":0},"end":{"line":27,"column":28}}},"fnMap":{"0":{"name":"fizzBuzz","decl":{"start":{"line":3,"column":9},"end":{"line":3,"column":17}},"loc":{"start":{"line":3,"column":24},"end":{"line":25,"column":1}},"line":3}},"branchMap":{"0":{"loc":{"start":{"line":6,"column":2},"end":{"line":8,"column":3}},"type":"if","locations":[{"start":{"line":6,"column":2},"end":{"line":8,"column":3}},{"start":{"line":6,"column":2},"end":{"line":8,"column":3}}],"line":6},"1":{"loc":{"start":{"line":10,"column":2},"end":{"line":22,"column":3}},"type":"if","locations":[{"start":{"line":10,"column":2},"end":{"line":22,"column":3}},{"start":{"line":10,"column":2},"end":{"line":22,"column":3}}],"line":10},"2":{"loc":{"start":{"line":10,"column":5},"end":{"line":10,"column":63}},"type":"binary-expr","locations":[{"start":{"line":10,"column":5},"end":{"line":10,"column":32}},{"start":{"line":10,"column":36},"end":{"line":10,"column":63}}],"line":10},"3":{"loc":{"start":{"line":13,"column":9},"end":{"line":22,"column":3}},"type":"if","locations":[{"start":{"line":13,"column":9},"end":{"line":22,"column":3}},{"start":{"line":13,"column":9},"end":{"line":22,"column":3}}],"line":13},"4":{"loc":{"start":{"line":16,"column":9},"end":{"line":22,"column":3}},"type":"if","locations":[{"start":{"line":16,"column":9},"end":{"line":22,"column":3}},{"start":{"line":16,"column":9},"end":{"line":22,"column":3}}],"line":16}},"s":{"0":8,"1":8,"2":3,"3":5,"4":0,"5":5,"6":1,"7":4,"8":1,"9":3,"10":3,"11":5,"12":1},"f":{"0":8},"b":{"0":[3,5],"1":[0,5],"2":[5,1],"3":[1,4],"4":[1,3]},"_coverageSchema":"43e27e138ebf9cfc5966b082cf9a028302ed4184","hash":"a6b30de845136276194443486ca1bb77d8cd5394"}
}
