{"/Users/Admin/Documents/data-structures-and-algorithms/Data-Structures/hashtable/hashtable.js": {"path":"/Users/Admin/Documents/data-structures-and-algorithms/Data-Structures/hashtable/hashtable.js","statementMap":{"0":{"start":{"line":6,"column":6},"end":{"line":6,"column":37}},"1":{"start":{"line":7,"column":6},"end":{"line":7,"column":23}},"2":{"start":{"line":11,"column":16},"end":{"line":11,"column":30}},"3":{"start":{"line":13,"column":6},"end":{"line":15,"column":7}},"4":{"start":{"line":14,"column":8},"end":{"line":14,"column":31}},"5":{"start":{"line":16,"column":6},"end":{"line":16,"column":43}},"6":{"start":{"line":18,"column":6},"end":{"line":18,"column":17}},"7":{"start":{"line":22,"column":16},"end":{"line":22,"column":30}},"8":{"start":{"line":24,"column":6},"end":{"line":24,"column":45}},"9":{"start":{"line":24,"column":31},"end":{"line":24,"column":43}},"10":{"start":{"line":26,"column":6},"end":{"line":30,"column":9}},"11":{"start":{"line":27,"column":8},"end":{"line":29,"column":9}},"12":{"start":{"line":28,"column":10},"end":{"line":28,"column":27}},"13":{"start":{"line":34,"column":16},"end":{"line":34,"column":30}},"14":{"start":{"line":35,"column":6},"end":{"line":39,"column":7}},"15":{"start":{"line":36,"column":8},"end":{"line":36,"column":20}},"16":{"start":{"line":38,"column":8},"end":{"line":38,"column":21}},"17":{"start":{"line":43,"column":6},"end":{"line":43,"column":36}},"18":{"start":{"line":47,"column":0},"end":{"line":47,"column":27}}},"fnMap":{"0":{"name":"(anonymous_0)","decl":{"start":{"line":5,"column":4},"end":{"line":5,"column":5}},"loc":{"start":{"line":5,"column":21},"end":{"line":8,"column":5}},"line":5},"1":{"name":"(anonymous_1)","decl":{"start":{"line":10,"column":4},"end":{"line":10,"column":5}},"loc":{"start":{"line":10,"column":19},"end":{"line":19,"column":5}},"line":10},"2":{"name":"(anonymous_2)","decl":{"start":{"line":21,"column":4},"end":{"line":21,"column":5}},"loc":{"start":{"line":21,"column":12},"end":{"line":31,"column":5}},"line":21},"3":{"name":"(anonymous_3)","decl":{"start":{"line":26,"column":32},"end":{"line":26,"column":33}},"loc":{"start":{"line":26,"column":42},"end":{"line":30,"column":7}},"line":26},"4":{"name":"(anonymous_4)","decl":{"start":{"line":33,"column":4},"end":{"line":33,"column":5}},"loc":{"start":{"line":33,"column":17},"end":{"line":40,"column":5}},"line":33},"5":{"name":"(anonymous_5)","decl":{"start":{"line":42,"column":4},"end":{"line":42,"column":5}},"loc":{"start":{"line":42,"column":13},"end":{"line":44,"column":5}},"line":42}},"branchMap":{"0":{"loc":{"start":{"line":13,"column":6},"end":{"line":15,"column":7}},"type":"if","locations":[{"start":{"line":13,"column":6},"end":{"line":15,"column":7}},{"start":{"line":13,"column":6},"end":{"line":15,"column":7}}],"line":13},"1":{"loc":{"start":{"line":24,"column":6},"end":{"line":24,"column":45}},"type":"if","locations":[{"start":{"line":24,"column":6},"end":{"line":24,"column":45}},{"start":{"line":24,"column":6},"end":{"line":24,"column":45}}],"line":24},"2":{"loc":{"start":{"line":27,"column":8},"end":{"line":29,"column":9}},"type":"if","locations":[{"start":{"line":27,"column":8},"end":{"line":29,"column":9}},{"start":{"line":27,"column":8},"end":{"line":29,"column":9}}],"line":27},"3":{"loc":{"start":{"line":35,"column":6},"end":{"line":39,"column":7}},"type":"if","locations":[{"start":{"line":35,"column":6},"end":{"line":39,"column":7}},{"start":{"line":35,"column":6},"end":{"line":39,"column":7}}],"line":35}},"s":{"0":3,"1":3,"2":4,"3":4,"4":3,"5":4,"6":4,"7":0,"8":0,"9":0,"10":0,"11":0,"12":0,"13":3,"14":3,"15":1,"16":2,"17":7,"18":1},"f":{"0":3,"1":4,"2":0,"3":0,"4":3,"5":7},"b":{"0":[3,1],"1":[0,0],"2":[0,0],"3":[1,2]},"_coverageSchema":"43e27e138ebf9cfc5966b082cf9a028302ed4184","hash":"6302eb5e49cf517534025e0160faec9ef4c03644"}
,"/Users/Admin/Documents/data-structures-and-algorithms/Data-Structures/tree/tree.js": {"path":"/Users/Admin/Documents/data-structures-and-algorithms/Data-Structures/tree/tree.js","statementMap":{"0":{"start":{"line":6,"column":4},"end":{"line":6,"column":23}},"1":{"start":{"line":7,"column":4},"end":{"line":7,"column":21}},"2":{"start":{"line":8,"column":4},"end":{"line":8,"column":22}},"3":{"start":{"line":15,"column":4},"end":{"line":15,"column":21}},"4":{"start":{"line":19,"column":4},"end":{"line":21,"column":5}},"5":{"start":{"line":20,"column":6},"end":{"line":20,"column":17}},"6":{"start":{"line":23,"column":4},"end":{"line":23,"column":25}},"7":{"start":{"line":25,"column":4},"end":{"line":27,"column":5}},"8":{"start":{"line":26,"column":6},"end":{"line":26,"column":36}},"9":{"start":{"line":28,"column":4},"end":{"line":30,"column":5}},"10":{"start":{"line":29,"column":6},"end":{"line":29,"column":37}},"11":{"start":{"line":31,"column":4},"end":{"line":31,"column":15}},"12":{"start":{"line":35,"column":4},"end":{"line":37,"column":5}},"13":{"start":{"line":36,"column":6},"end":{"line":36,"column":17}},"14":{"start":{"line":39,"column":4},"end":{"line":41,"column":5}},"15":{"start":{"line":40,"column":6},"end":{"line":40,"column":35}},"16":{"start":{"line":43,"column":4},"end":{"line":43,"column":25}},"17":{"start":{"line":45,"column":4},"end":{"line":47,"column":5}},"18":{"start":{"line":46,"column":6},"end":{"line":46,"column":36}},"19":{"start":{"line":48,"column":4},"end":{"line":48,"column":15}},"20":{"start":{"line":52,"column":4},"end":{"line":54,"column":5}},"21":{"start":{"line":53,"column":6},"end":{"line":53,"column":17}},"22":{"start":{"line":56,"column":4},"end":{"line":58,"column":5}},"23":{"start":{"line":57,"column":6},"end":{"line":57,"column":37}},"24":{"start":{"line":60,"column":4},"end":{"line":62,"column":5}},"25":{"start":{"line":61,"column":6},"end":{"line":61,"column":38}},"26":{"start":{"line":64,"column":4},"end":{"line":64,"column":25}},"27":{"start":{"line":66,"column":4},"end":{"line":66,"column":15}},"28":{"start":{"line":70,"column":15},"end":{"line":70,"column":17}},"29":{"start":{"line":71,"column":19},"end":{"line":71,"column":20}},"30":{"start":{"line":72,"column":18},"end":{"line":72,"column":27}},"31":{"start":{"line":73,"column":4},"end":{"line":73,"column":32}},"32":{"start":{"line":74,"column":4},"end":{"line":78,"column":7}},"33":{"start":{"line":75,"column":6},"end":{"line":77,"column":7}},"34":{"start":{"line":76,"column":8},"end":{"line":76,"column":26}},"35":{"start":{"line":79,"column":4},"end":{"line":79,"column":20}},"36":{"start":{"line":87,"column":15},"end":{"line":87,"column":24}},"37":{"start":{"line":88,"column":4},"end":{"line":112,"column":3}},"38":{"start":{"line":89,"column":6},"end":{"line":89,"column":34}},"39":{"start":{"line":92,"column":22},"end":{"line":92,"column":26}},"40":{"start":{"line":93,"column":18},"end":{"line":93,"column":33}},"41":{"start":{"line":95,"column":4},"end":{"line":111,"column":5}},"42":{"start":{"line":96,"column":6},"end":{"line":110,"column":7}},"43":{"start":{"line":97,"column":8},"end":{"line":102,"column":9}},"44":{"start":{"line":98,"column":10},"end":{"line":98,"column":37}},"45":{"start":{"line":99,"column":10},"end":{"line":99,"column":16}},"46":{"start":{"line":101,"column":10},"end":{"line":101,"column":41}},"47":{"start":{"line":104,"column":8},"end":{"line":109,"column":9}},"48":{"start":{"line":105,"column":10},"end":{"line":105,"column":38}},"49":{"start":{"line":106,"column":10},"end":{"line":106,"column":16}},"50":{"start":{"line":108,"column":10},"end":{"line":108,"column":42}},"51":{"start":{"line":116,"column":20},"end":{"line":116,"column":29}},"52":{"start":{"line":118,"column":4},"end":{"line":127,"column":5}},"53":{"start":{"line":119,"column":6},"end":{"line":121,"column":7}},"54":{"start":{"line":120,"column":8},"end":{"line":120,"column":20}},"55":{"start":{"line":122,"column":6},"end":{"line":126,"column":7}},"56":{"start":{"line":123,"column":8},"end":{"line":123,"column":31}},"57":{"start":{"line":125,"column":8},"end":{"line":125,"column":32}},"58":{"start":{"line":128,"column":4},"end":{"line":128,"column":17}},"59":{"start":{"line":132,"column":0},"end":{"line":132,"column":42}}},"fnMap":{"0":{"name":"(anonymous_0)","decl":{"start":{"line":5,"column":2},"end":{"line":5,"column":3}},"loc":{"start":{"line":5,"column":20},"end":{"line":9,"column":3}},"line":5},"1":{"name":"(anonymous_1)","decl":{"start":{"line":14,"column":2},"end":{"line":14,"column":3}},"loc":{"start":{"line":14,"column":15},"end":{"line":16,"column":3}},"line":14},"2":{"name":"(anonymous_2)","decl":{"start":{"line":18,"column":2},"end":{"line":18,"column":3}},"loc":{"start":{"line":18,"column":24},"end":{"line":32,"column":3}},"line":18},"3":{"name":"(anonymous_3)","decl":{"start":{"line":34,"column":2},"end":{"line":34,"column":3}},"loc":{"start":{"line":34,"column":23},"end":{"line":49,"column":3}},"line":34},"4":{"name":"(anonymous_4)","decl":{"start":{"line":51,"column":2},"end":{"line":51,"column":3}},"loc":{"start":{"line":51,"column":25},"end":{"line":67,"column":3}},"line":51},"5":{"name":"(anonymous_5)","decl":{"start":{"line":69,"column":2},"end":{"line":69,"column":3}},"loc":{"start":{"line":69,"column":20},"end":{"line":80,"column":3}},"line":69},"6":{"name":"(anonymous_6)","decl":{"start":{"line":74,"column":17},"end":{"line":74,"column":18}},"loc":{"start":{"line":74,"column":27},"end":{"line":78,"column":5}},"line":74},"7":{"name":"(anonymous_7)","decl":{"start":{"line":86,"column":2},"end":{"line":86,"column":3}},"loc":{"start":{"line":86,"column":12},"end":{"line":113,"column":3}},"line":86},"8":{"name":"(anonymous_8)","decl":{"start":{"line":115,"column":2},"end":{"line":115,"column":3}},"loc":{"start":{"line":115,"column":17},"end":{"line":129,"column":3}},"line":115}},"branchMap":{"0":{"loc":{"start":{"line":18,"column":17},"end":{"line":18,"column":23}},"type":"default-arg","locations":[{"start":{"line":18,"column":21},"end":{"line":18,"column":23}}],"line":18},"1":{"loc":{"start":{"line":19,"column":4},"end":{"line":21,"column":5}},"type":"if","locations":[{"start":{"line":19,"column":4},"end":{"line":21,"column":5}},{"start":{"line":19,"column":4},"end":{"line":21,"column":5}}],"line":19},"2":{"loc":{"start":{"line":25,"column":4},"end":{"line":27,"column":5}},"type":"if","locations":[{"start":{"line":25,"column":4},"end":{"line":27,"column":5}},{"start":{"line":25,"column":4},"end":{"line":27,"column":5}}],"line":25},"3":{"loc":{"start":{"line":28,"column":4},"end":{"line":30,"column":5}},"type":"if","locations":[{"start":{"line":28,"column":4},"end":{"line":30,"column":5}},{"start":{"line":28,"column":4},"end":{"line":30,"column":5}}],"line":28},"4":{"loc":{"start":{"line":34,"column":16},"end":{"line":34,"column":22}},"type":"default-arg","locations":[{"start":{"line":34,"column":20},"end":{"line":34,"column":22}}],"line":34},"5":{"loc":{"start":{"line":35,"column":4},"end":{"line":37,"column":5}},"type":"if","locations":[{"start":{"line":35,"column":4},"end":{"line":37,"column":5}},{"start":{"line":35,"column":4},"end":{"line":37,"column":5}}],"line":35},"6":{"loc":{"start":{"line":39,"column":4},"end":{"line":41,"column":5}},"type":"if","locations":[{"start":{"line":39,"column":4},"end":{"line":41,"column":5}},{"start":{"line":39,"column":4},"end":{"line":41,"column":5}}],"line":39},"7":{"loc":{"start":{"line":45,"column":4},"end":{"line":47,"column":5}},"type":"if","locations":[{"start":{"line":45,"column":4},"end":{"line":47,"column":5}},{"start":{"line":45,"column":4},"end":{"line":47,"column":5}}],"line":45},"8":{"loc":{"start":{"line":51,"column":18},"end":{"line":51,"column":24}},"type":"default-arg","locations":[{"start":{"line":51,"column":22},"end":{"line":51,"column":24}}],"line":51},"9":{"loc":{"start":{"line":52,"column":4},"end":{"line":54,"column":5}},"type":"if","locations":[{"start":{"line":52,"column":4},"end":{"line":54,"column":5}},{"start":{"line":52,"column":4},"end":{"line":54,"column":5}}],"line":52},"10":{"loc":{"start":{"line":56,"column":4},"end":{"line":58,"column":5}},"type":"if","locations":[{"start":{"line":56,"column":4},"end":{"line":58,"column":5}},{"start":{"line":56,"column":4},"end":{"line":58,"column":5}}],"line":56},"11":{"loc":{"start":{"line":60,"column":4},"end":{"line":62,"column":5}},"type":"if","locations":[{"start":{"line":60,"column":4},"end":{"line":62,"column":5}},{"start":{"line":60,"column":4},"end":{"line":62,"column":5}}],"line":60},"12":{"loc":{"start":{"line":75,"column":6},"end":{"line":77,"column":7}},"type":"if","locations":[{"start":{"line":75,"column":6},"end":{"line":77,"column":7}},{"start":{"line":75,"column":6},"end":{"line":77,"column":7}}],"line":75},"13":{"loc":{"start":{"line":88,"column":4},"end":{"line":112,"column":3}},"type":"if","locations":[{"start":{"line":88,"column":4},"end":{"line":112,"column":3}},{"start":{"line":88,"column":4},"end":{"line":112,"column":3}}],"line":88},"14":{"loc":{"start":{"line":96,"column":6},"end":{"line":110,"column":7}},"type":"if","locations":[{"start":{"line":96,"column":6},"end":{"line":110,"column":7}},{"start":{"line":96,"column":6},"end":{"line":110,"column":7}}],"line":96},"15":{"loc":{"start":{"line":97,"column":8},"end":{"line":102,"column":9}},"type":"if","locations":[{"start":{"line":97,"column":8},"end":{"line":102,"column":9}},{"start":{"line":97,"column":8},"end":{"line":102,"column":9}}],"line":97},"16":{"loc":{"start":{"line":104,"column":8},"end":{"line":109,"column":9}},"type":"if","locations":[{"start":{"line":104,"column":8},"end":{"line":109,"column":9}},{"start":{"line":104,"column":8},"end":{"line":109,"column":9}}],"line":104},"17":{"loc":{"start":{"line":119,"column":6},"end":{"line":121,"column":7}},"type":"if","locations":[{"start":{"line":119,"column":6},"end":{"line":121,"column":7}},{"start":{"line":119,"column":6},"end":{"line":121,"column":7}}],"line":119},"18":{"loc":{"start":{"line":122,"column":6},"end":{"line":126,"column":7}},"type":"if","locations":[{"start":{"line":122,"column":6},"end":{"line":126,"column":7}},{"start":{"line":122,"column":6},"end":{"line":126,"column":7}}],"line":122}},"s":{"0":7,"1":7,"2":7,"3":6,"4":9,"5":2,"6":7,"7":7,"8":0,"9":7,"10":3,"11":7,"12":0,"13":0,"14":0,"15":0,"16":0,"17":0,"18":0,"19":0,"20":0,"21":0,"22":0,"23":0,"24":0,"25":0,"26":0,"27":0,"28":0,"29":0,"30":0,"31":0,"32":0,"33":0,"34":0,"35":0,"36":7,"37":7,"38":4,"39":3,"40":3,"41":3,"42":3,"43":0,"44":0,"45":0,"46":0,"47":3,"48":3,"49":3,"50":0,"51":0,"52":0,"53":0,"54":0,"55":0,"56":0,"57":0,"58":0,"59":1},"f":{"0":7,"1":6,"2":9,"3":0,"4":0,"5":0,"6":0,"7":7,"8":0},"b":{"0":[6],"1":[2,7],"2":[0,7],"3":[3,4],"4":[0],"5":[0,0],"6":[0,0],"7":[0,0],"8":[0],"9":[0,0],"10":[0,0],"11":[0,0],"12":[0,0],"13":[4,3],"14":[0,3],"15":[0,0],"16":[3,0],"17":[0,0],"18":[0,0]},"_coverageSchema":"43e27e138ebf9cfc5966b082cf9a028302ed4184","hash":"1359470851782cfdec657645a6e5d5d983af2a27"}
,"/Users/Admin/Documents/data-structures-and-algorithms/code-challenges/401/treeIntersection/tree-intersection.js": {"path":"/Users/Admin/Documents/data-structures-and-algorithms/code-challenges/401/treeIntersection/tree-intersection.js","statementMap":{"0":{"start":{"line":3,"column":12},"end":{"line":3,"column":70}},"1":{"start":{"line":6,"column":20},"end":{"line":6,"column":35}},"2":{"start":{"line":7,"column":21},"end":{"line":7,"column":23}},"3":{"start":{"line":9,"column":4},"end":{"line":11,"column":7}},"4":{"start":{"line":10,"column":8},"end":{"line":10,"column":29}},"5":{"start":{"line":13,"column":4},"end":{"line":17,"column":7}},"6":{"start":{"line":14,"column":8},"end":{"line":16,"column":9}},"7":{"start":{"line":15,"column":12},"end":{"line":15,"column":35}},"8":{"start":{"line":19,"column":4},"end":{"line":19,"column":22}},"9":{"start":{"line":22,"column":0},"end":{"line":22,"column":35}}},"fnMap":{"0":{"name":"tree_intersection","decl":{"start":{"line":5,"column":9},"end":{"line":5,"column":26}},"loc":{"start":{"line":5,"column":40},"end":{"line":20,"column":1}},"line":5},"1":{"name":"(anonymous_1)","decl":{"start":{"line":9,"column":39},"end":{"line":9,"column":40}},"loc":{"start":{"line":9,"column":48},"end":{"line":11,"column":5}},"line":9},"2":{"name":"(anonymous_2)","decl":{"start":{"line":13,"column":39},"end":{"line":13,"column":40}},"loc":{"start":{"line":13,"column":48},"end":{"line":17,"column":5}},"line":13}},"branchMap":{"0":{"loc":{"start":{"line":14,"column":8},"end":{"line":16,"column":9}},"type":"if","locations":[{"start":{"line":14,"column":8},"end":{"line":16,"column":9}},{"start":{"line":14,"column":8},"end":{"line":16,"column":9}}],"line":14}},"s":{"0":1,"1":3,"2":3,"3":3,"4":4,"5":3,"6":3,"7":1,"8":3,"9":1},"f":{"0":3,"1":4,"2":3},"b":{"0":[1,2]},"_coverageSchema":"43e27e138ebf9cfc5966b082cf9a028302ed4184","hash":"8698aef26f1d36ce47252be599ec911eef705a5e"}
}
