TN:
SF:/Users/Admin/Documents/data-structures-and-algorithms/Data-Structures/hashtable/hashtable.js
FN:5,(anonymous_0)
FN:10,(anonymous_1)
FN:21,(anonymous_2)
FN:26,(anonymous_3)
FN:33,(anonymous_4)
FN:42,(anonymous_5)
FNF:6
FNH:3
FNDA:3,(anonymous_0)
FNDA:6,(anonymous_1)
FNDA:0,(anonymous_2)
FNDA:0,(anonymous_3)
FNDA:0,(anonymous_4)
FNDA:6,(anonymous_5)
DA:6,3
DA:7,3
DA:11,6
DA:13,6
DA:14,3
DA:16,6
DA:18,6
DA:22,0
DA:24,0
DA:26,0
DA:27,0
DA:28,0
DA:34,0
DA:35,0
DA:36,0
DA:38,0
DA:43,6
DA:47,1
LF:18
LH:9
BRDA:13,0,0,3
BRDA:13,0,1,3
BRDA:24,1,0,0
BRDA:24,1,1,0
BRDA:27,2,0,0
BRDA:27,2,1,0
BRDA:35,3,0,0
BRDA:35,3,1,0
BRF:8
BRH:2
end_of_record
TN:
SF:/Users/Admin/Documents/data-structures-and-algorithms/code-challenges/401/leftJoin/left-join.js
FN:5,leftJoin
FN:12,(anonymous_1)
FNF:2
FNH:2
FNDA:2,leftJoin
FNDA:1,(anonymous_1)
DA:2,1
DA:6,2
DA:7,1
DA:10,1
DA:12,1
DA:13,1
DA:14,0
DA:15,0
DA:19,0
DA:22,1
LF:10
LH:7
BRDA:6,0,0,1
BRDA:6,0,1,1
BRDA:6,1,0,2
BRDA:6,1,1,1
BRDA:13,2,0,0
BRDA:13,2,1,0
BRF:6
BRH:4
end_of_record
