TN:
SF:/Users/Admin/Documents/data-structures-and-algorithms/Data-Structures/graph/graph.js
FN:4,(anonymous_0)
FN:10,(anonymous_1)
FN:18,(anonymous_2)
FN:23,(anonymous_3)
FN:30,(anonymous_4)
FN:35,(anonymous_5)
FN:40,(anonymous_6)
FN:50,(anonymous_7)
FN:54,(anonymous_8)
FN:58,(anonymous_9)
FNF:10
FNH:6
FNDA:11,(anonymous_0)
FNDA:0,(anonymous_1)
FNDA:6,(anonymous_2)
FNDA:11,(anonymous_3)
FNDA:1,(anonymous_4)
FNDA:0,(anonymous_5)
FNDA:1,(anonymous_6)
FNDA:2,(anonymous_7)
FNDA:0,(anonymous_8)
FNDA:0,(anonymous_9)
DA:5,11
DA:11,0
DA:12,0
DA:19,6
DA:20,6
DA:24,11
DA:25,11
DA:26,11
DA:27,11
DA:31,1
DA:32,1
DA:36,0
DA:37,0
DA:41,1
DA:42,1
DA:43,1
DA:44,2
DA:46,1
DA:51,2
DA:55,0
DA:59,0
DA:60,0
DA:65,1
LF:23
LH:16
BRF:0
BRH:0
end_of_record
